#
# There is insufficient memory for the Java Runtime Environment to continue.
# Native memory allocation (malloc) failed to allocate 308816 bytes for Chunk::new
# Possible reasons:
#   The system is out of physical RAM or swap space
#   The process is running with CompressedOops enabled, and the Java Heap may be blocking the growth of the native heap
# Possible solutions:
#   Reduce memory load on the system
#   Increase physical memory or swap space
#   Check if swap backing store is full
#   Decrease Java heap size (-Xmx/-Xms)
#   Decrease number of Java threads
#   Decrease Java thread stack sizes (-Xss)
#   Set larger code cache with -XX:ReservedCodeCacheSize=
#   JVM is running with Zero Based Compressed Oops mode in which the Java heap is
#     placed in the first 32GB address space. The Java Heap base address is the
#     maximum limit for the native heap growth. Please use -XX:HeapBaseMinAddress
#     to set the Java Heap base and to place the Java Heap above 32GB virtual address.
# This output file may be truncated or incomplete.
#
#  Out of Memory Error (./open/src/hotspot/share/memory/arena.cpp:195), pid=12392, tid=18088
#
# JRE version: Java(TM) SE Runtime Environment (15.0+36) (build 15+36-1562)
# Java VM: Java HotSpot(TM) 64-Bit Server VM (15+36-1562, mixed mode, sharing, tiered, compressed oops, g1 gc, windows-amd64)
# No core dump will be written. Minidumps are not enabled by default on client versions of Windows
#

---------------  S U M M A R Y ------------

Command Line: org.jetbrains.kotlin.cli.jvm.K2JVMCompiler @C:\Users\julio.armijo\Documents\JA_Resplado\Coppel\inspecciones\apkqa001inspecciones\app\build\20230718_14849366743524210609.compiler.options

Host: 11th Gen Intel(R) Core(TM) i7-1165G7 @ 2.80GHz, 8 cores, 23G,  Windows 10 , 64 bit Build 19041 (10.0.19041.3155)
Time: Tue Jul 18 19:12:24 2023 Hora estándar central (México) elapsed time: 1.160845 seconds (0d 0h 0m 1s)

---------------  T H R E A D  ---------------

Current thread (0x000002d4bf5aa9a0):  JavaThread "C2 CompilerThread0" daemon [_thread_in_native, id=18088, stack(0x000000f930800000,0x000000f930900000)]


Current CompileTask:
C2:   1160 1770   !   4       jdk.internal.loader.BuiltinClassLoader::loadClassOrNull (143 bytes)

Stack: [0x000000f930800000,0x000000f930900000]
Native frames: (J=compiled Java code, j=interpreted, Vv=VM code, C=native code)
V  [jvm.dll+0x629eaa]
V  [jvm.dll+0x780379]
V  [jvm.dll+0x781ad3]
V  [jvm.dll+0x782133]
V  [jvm.dll+0x2159d5]
V  [jvm.dll+0x9794a]
V  [jvm.dll+0x9802c]
V  [jvm.dll+0x523ed8]
V  [jvm.dll+0x2f7029]
V  [jvm.dll+0x2f63ba]
V  [jvm.dll+0x1e9dd5]
V  [jvm.dll+0x1e903e]
V  [jvm.dll+0x177f17]
V  [jvm.dll+0x1f88f5]
V  [jvm.dll+0x1f699c]
V  [jvm.dll+0x74384d]
V  [jvm.dll+0x73c64a]
V  [jvm.dll+0x628d16]
C  [ucrtbase.dll+0x21bb2]
C  [KERNEL32.DLL+0x17614]
C  [ntdll.dll+0x526b1]


---------------  P R O C E S S  ---------------

Threads class SMR info:
_java_thread_list=0x000002d4bfcfcbc0, length=13, elements={
0x000002d496c0ae20, 0x000002d4bf5866a0, 0x000002d4bf587270, 0x000002d4bf5a1470,
0x000002d4bf5a1f20, 0x000002d4bf5a29d0, 0x000002d4bf5aa9a0, 0x000002d4bf5ab490,
0x000002d4bf5c8760, 0x000002d4bf701310, 0x000002d4bf7373e0, 0x000002d4bf723840,
0x000002d4bf723d50
}

Java Threads: ( => current thread )
  0x000002d496c0ae20 JavaThread "main" [_thread_blocked, id=25924, stack(0x000000f92fc00000,0x000000f92fd00000)]
  0x000002d4bf5866a0 JavaThread "Reference Handler" daemon [_thread_blocked, id=19384, stack(0x000000f930300000,0x000000f930400000)]
  0x000002d4bf587270 JavaThread "Finalizer" daemon [_thread_blocked, id=19808, stack(0x000000f930400000,0x000000f930500000)]
  0x000002d4bf5a1470 JavaThread "Signal Dispatcher" daemon [_thread_blocked, id=24764, stack(0x000000f930500000,0x000000f930600000)]
  0x000002d4bf5a1f20 JavaThread "Attach Listener" daemon [_thread_blocked, id=16268, stack(0x000000f930600000,0x000000f930700000)]
  0x000002d4bf5a29d0 JavaThread "Service Thread" daemon [_thread_blocked, id=23760, stack(0x000000f930700000,0x000000f930800000)]
=>0x000002d4bf5aa9a0 JavaThread "C2 CompilerThread0" daemon [_thread_in_native, id=18088, stack(0x000000f930800000,0x000000f930900000)]
  0x000002d4bf5ab490 JavaThread "C1 CompilerThread0" daemon [_thread_blocked, id=25252, stack(0x000000f930900000,0x000000f930a00000)]
  0x000002d4bf5c8760 JavaThread "Sweeper thread" daemon [_thread_blocked, id=24080, stack(0x000000f930a00000,0x000000f930b00000)]
  0x000002d4bf701310 JavaThread "Notification Thread" daemon [_thread_blocked, id=6972, stack(0x000000f930b00000,0x000000f930c00000)]
  0x000002d4bf7373e0 JavaThread "Common-Cleaner" daemon [_thread_blocked, id=26500, stack(0x000000f930d00000,0x000000f930e00000)]
  0x000002d4bf723840 JavaThread "C2 CompilerThread1" daemon [_thread_blocked, id=6712, stack(0x000000f930e00000,0x000000f930f00000)]
  0x000002d4bf723d50 JavaThread "C2 CompilerThread2" daemon [_thread_blocked, id=26524, stack(0x000000f930f00000,0x000000f931000000)]

Other Threads:
  0x000002d4bf580a00 VMThread "VM Thread" [stack: 0x000000f930200000,0x000000f930300000] [id=10088]
  0x000002d4bf71e000 WatcherThread [stack: 0x000000f930c00000,0x000000f930d00000] [id=9360]
  0x000002d4bc279b70 GCTaskThread "GC Thread#0" [stack: 0x000000f92fd00000,0x000000f92fe00000] [id=22828]
  0x000002d4bf6f7340 GCTaskThread "GC Thread#1" [stack: 0x000000f931000000,0x000000f931100000] [id=14644]
  0x000002d4bf6f7cd0 GCTaskThread "GC Thread#2" [stack: 0x000000f931100000,0x000000f931200000] [id=21932]
  0x000002d4bfd1eef0 GCTaskThread "GC Thread#3" [stack: 0x000000f931200000,0x000000f931300000] [id=22656]
  0x000002d4bfd1f220 GCTaskThread "GC Thread#4" [stack: 0x000000f931300000,0x000000f931400000] [id=23976]
  0x000002d4bfd1fbb0 GCTaskThread "GC Thread#5" [stack: 0x000000f931400000,0x000000f931500000] [id=7480]
  0x000002d4bfd1f550 GCTaskThread "GC Thread#6" [stack: 0x000000f931500000,0x000000f931600000] [id=16004]
  0x000002d4bfd20210 GCTaskThread "GC Thread#7" [stack: 0x000000f931600000,0x000000f931700000] [id=1860]
  0x000002d4bc285e90 ConcurrentGCThread "G1 Main Marker" [stack: 0x000000f92fe00000,0x000000f92ff00000] [id=17932]
  0x000002d4bc287160 ConcurrentGCThread "G1 Conc#0" [stack: 0x000000f92ff00000,0x000000f930000000] [id=21956]
  0x000002d4939bfe30 ConcurrentGCThread "G1 Refine#0" [stack: 0x000000f930000000,0x000000f930100000] [id=25360]
  0x000002d4bc3761c0 ConcurrentGCThread "G1 Young RemSet Sampling" [stack: 0x000000f930100000,0x000000f930200000] [id=20268]

Threads with active compile tasks:
C2 CompilerThread0     1318 1770   !   4       jdk.internal.loader.BuiltinClassLoader::loadClassOrNull (143 bytes)

VM state: not at safepoint (normal execution)

VM Mutex/Monitor currently owned by a thread: None

Heap address: 0x0000000684400000, size: 6076 MB, Compressed Oops mode: Zero based, Oop shift amount: 3
CDS archive(s) mapped at: [0x0000000800000000-0x0000000800b50000-0x0000000800b50000), size 11862016, SharedBaseAddress: 0x0000000800000000, ArchiveRelocationMode: 0.
Compressed class space mapped at: 0x0000000800b50000-0x0000000840b50000, size: 1073741824
Narrow klass base: 0x0000000800000000, Narrow klass shift: 3, Narrow klass range: 0x100000000

GC Precious Log:
 CPUs: 8 total, 8 available
 Memory: 24295M
 Large Page Support: Disabled
 NUMA Support: Disabled
 Compressed Oops: Enabled (Zero based)
 Heap Region Size: 4M
 Heap Min Capacity: 8M
 Heap Initial Capacity: 380M
 Heap Max Capacity: 6076M
 Pre-touch: Disabled
 Parallel Workers: 8
 Concurrent Workers: 2
 Concurrent Refinement Workers: 8
 Periodic GC: Disabled

Heap:
 garbage-first heap   total 389120K, used 38263K [0x0000000684400000, 0x0000000800000000)
  region size 4096K, 8 young (32768K), 1 survivors (4096K)
 Metaspace       used 17950K, capacity 19793K, committed 20096K, reserved 1067008K
  class space    used 2081K, capacity 2307K, committed 2432K, reserved 1048576K

Heap Regions: E=young(eden), S=young(survivor), O=old, HS=humongous(starts), HC=humongous(continues), CS=collection set, F=free, OA=open archive, CA=closed archive, TAMS=top-at-mark-start (previous, next)
|   0|0x0000000684400000, 0x0000000684800000, 0x0000000684800000|100%|HS|  |TAMS 0x0000000684400000, 0x0000000684400000| Complete 
|   1|0x0000000684800000, 0x0000000684a58600, 0x0000000684c00000| 58%| O|  |TAMS 0x0000000684800000, 0x0000000684800000| Untracked 
|   2|0x0000000684c00000, 0x0000000685000000, 0x0000000685000000|100%|HS|  |TAMS 0x0000000684c00000, 0x0000000684c00000| Complete 
|   3|0x0000000685000000, 0x0000000685000000, 0x0000000685400000|  0%| F|  |TAMS 0x0000000685000000, 0x0000000685000000| Untracked 
|   4|0x0000000685400000, 0x0000000685400000, 0x0000000685800000|  0%| F|  |TAMS 0x0000000685400000, 0x0000000685400000| Untracked 
|   5|0x0000000685800000, 0x0000000685800000, 0x0000000685c00000|  0%| F|  |TAMS 0x0000000685800000, 0x0000000685800000| Untracked 
|   6|0x0000000685c00000, 0x0000000685c00000, 0x0000000686000000|  0%| F|  |TAMS 0x0000000685c00000, 0x0000000685c00000| Untracked 
|   7|0x0000000686000000, 0x0000000686000000, 0x0000000686400000|  0%| F|  |TAMS 0x0000000686000000, 0x0000000686000000| Untracked 
|   8|0x0000000686400000, 0x0000000686400000, 0x0000000686800000|  0%| F|  |TAMS 0x0000000686400000, 0x0000000686400000| Untracked 
|   9|0x0000000686800000, 0x0000000686800000, 0x0000000686c00000|  0%| F|  |TAMS 0x0000000686800000, 0x0000000686800000| Untracked 
|  10|0x0000000686c00000, 0x0000000686c00000, 0x0000000687000000|  0%| F|  |TAMS 0x0000000686c00000, 0x0000000686c00000| Untracked 
|  11|0x0000000687000000, 0x0000000687000000, 0x0000000687400000|  0%| F|  |TAMS 0x0000000687000000, 0x0000000687000000| Untracked 
|  12|0x0000000687400000, 0x0000000687400000, 0x0000000687800000|  0%| F|  |TAMS 0x0000000687400000, 0x0000000687400000| Untracked 
|  13|0x0000000687800000, 0x0000000687800000, 0x0000000687c00000|  0%| F|  |TAMS 0x0000000687800000, 0x0000000687800000| Untracked 
|  14|0x0000000687c00000, 0x0000000687c00000, 0x0000000688000000|  0%| F|  |TAMS 0x0000000687c00000, 0x0000000687c00000| Untracked 
|  15|0x0000000688000000, 0x0000000688000000, 0x0000000688400000|  0%| F|  |TAMS 0x0000000688000000, 0x0000000688000000| Untracked 
|  16|0x0000000688400000, 0x0000000688400000, 0x0000000688800000|  0%| F|  |TAMS 0x0000000688400000, 0x0000000688400000| Untracked 
|  17|0x0000000688800000, 0x0000000688800000, 0x0000000688c00000|  0%| F|  |TAMS 0x0000000688800000, 0x0000000688800000| Untracked 
|  18|0x0000000688c00000, 0x0000000688c00000, 0x0000000689000000|  0%| F|  |TAMS 0x0000000688c00000, 0x0000000688c00000| Untracked 
|  19|0x0000000689000000, 0x0000000689000000, 0x0000000689400000|  0%| F|  |TAMS 0x0000000689000000, 0x0000000689000000| Untracked 
|  20|0x0000000689400000, 0x0000000689400000, 0x0000000689800000|  0%| F|  |TAMS 0x0000000689400000, 0x0000000689400000| Untracked 
|  21|0x0000000689800000, 0x0000000689800000, 0x0000000689c00000|  0%| F|  |TAMS 0x0000000689800000, 0x0000000689800000| Untracked 
|  22|0x0000000689c00000, 0x0000000689c00000, 0x000000068a000000|  0%| F|  |TAMS 0x0000000689c00000, 0x0000000689c00000| Untracked 
|  23|0x000000068a000000, 0x000000068a000000, 0x000000068a400000|  0%| F|  |TAMS 0x000000068a000000, 0x000000068a000000| Untracked 
|  24|0x000000068a400000, 0x000000068a400000, 0x000000068a800000|  0%| F|  |TAMS 0x000000068a400000, 0x000000068a400000| Untracked 
|  25|0x000000068a800000, 0x000000068a800000, 0x000000068ac00000|  0%| F|  |TAMS 0x000000068a800000, 0x000000068a800000| Untracked 
|  26|0x000000068ac00000, 0x000000068ac00000, 0x000000068b000000|  0%| F|  |TAMS 0x000000068ac00000, 0x000000068ac00000| Untracked 
|  27|0x000000068b000000, 0x000000068b000000, 0x000000068b400000|  0%| F|  |TAMS 0x000000068b000000, 0x000000068b000000| Untracked 
|  28|0x000000068b400000, 0x000000068b400000, 0x000000068b800000|  0%| F|  |TAMS 0x000000068b400000, 0x000000068b400000| Untracked 
|  29|0x000000068b800000, 0x000000068b800000, 0x000000068bc00000|  0%| F|  |TAMS 0x000000068b800000, 0x000000068b800000| Untracked 
|  30|0x000000068bc00000, 0x000000068bc00000, 0x000000068c000000|  0%| F|  |TAMS 0x000000068bc00000, 0x000000068bc00000| Untracked 
|  31|0x000000068c000000, 0x000000068c000000, 0x000000068c400000|  0%| F|  |TAMS 0x000000068c000000, 0x000000068c000000| Untracked 
|  32|0x000000068c400000, 0x000000068c400000, 0x000000068c800000|  0%| F|  |TAMS 0x000000068c400000, 0x000000068c400000| Untracked 
|  33|0x000000068c800000, 0x000000068c800000, 0x000000068cc00000|  0%| F|  |TAMS 0x000000068c800000, 0x000000068c800000| Untracked 
|  34|0x000000068cc00000, 0x000000068cc00000, 0x000000068d000000|  0%| F|  |TAMS 0x000000068cc00000, 0x000000068cc00000| Untracked 
|  35|0x000000068d000000, 0x000000068d000000, 0x000000068d400000|  0%| F|  |TAMS 0x000000068d000000, 0x000000068d000000| Untracked 
|  36|0x000000068d400000, 0x000000068d400000, 0x000000068d800000|  0%| F|  |TAMS 0x000000068d400000, 0x000000068d400000| Untracked 
|  37|0x000000068d800000, 0x000000068d800000, 0x000000068dc00000|  0%| F|  |TAMS 0x000000068d800000, 0x000000068d800000| Untracked 
|  38|0x000000068dc00000, 0x000000068dc00000, 0x000000068e000000|  0%| F|  |TAMS 0x000000068dc00000, 0x000000068dc00000| Untracked 
|  39|0x000000068e000000, 0x000000068e000000, 0x000000068e400000|  0%| F|  |TAMS 0x000000068e000000, 0x000000068e000000| Untracked 
|  40|0x000000068e400000, 0x000000068e400000, 0x000000068e800000|  0%| F|  |TAMS 0x000000068e400000, 0x000000068e400000| Untracked 
|  41|0x000000068e800000, 0x000000068e800000, 0x000000068ec00000|  0%| F|  |TAMS 0x000000068e800000, 0x000000068e800000| Untracked 
|  42|0x000000068ec00000, 0x000000068ec00000, 0x000000068f000000|  0%| F|  |TAMS 0x000000068ec00000, 0x000000068ec00000| Untracked 
|  43|0x000000068f000000, 0x000000068f000000, 0x000000068f400000|  0%| F|  |TAMS 0x000000068f000000, 0x000000068f000000| Untracked 
|  44|0x000000068f400000, 0x000000068f400000, 0x000000068f800000|  0%| F|  |TAMS 0x000000068f400000, 0x000000068f400000| Untracked 
|  45|0x000000068f800000, 0x000000068f800000, 0x000000068fc00000|  0%| F|  |TAMS 0x000000068f800000, 0x000000068f800000| Untracked 
|  46|0x000000068fc00000, 0x000000068fc00000, 0x0000000690000000|  0%| F|  |TAMS 0x000000068fc00000, 0x000000068fc00000| Untracked 
|  47|0x0000000690000000, 0x0000000690000000, 0x0000000690400000|  0%| F|  |TAMS 0x0000000690000000, 0x0000000690000000| Untracked 
|  48|0x0000000690400000, 0x0000000690400000, 0x0000000690800000|  0%| F|  |TAMS 0x0000000690400000, 0x0000000690400000| Untracked 
|  49|0x0000000690800000, 0x0000000690800000, 0x0000000690c00000|  0%| F|  |TAMS 0x0000000690800000, 0x0000000690800000| Untracked 
|  50|0x0000000690c00000, 0x0000000690c00000, 0x0000000691000000|  0%| F|  |TAMS 0x0000000690c00000, 0x0000000690c00000| Untracked 
|  51|0x0000000691000000, 0x0000000691000000, 0x0000000691400000|  0%| F|  |TAMS 0x0000000691000000, 0x0000000691000000| Untracked 
|  52|0x0000000691400000, 0x0000000691400000, 0x0000000691800000|  0%| F|  |TAMS 0x0000000691400000, 0x0000000691400000| Untracked 
|  53|0x0000000691800000, 0x0000000691800000, 0x0000000691c00000|  0%| F|  |TAMS 0x0000000691800000, 0x0000000691800000| Untracked 
|  54|0x0000000691c00000, 0x0000000691c00000, 0x0000000692000000|  0%| F|  |TAMS 0x0000000691c00000, 0x0000000691c00000| Untracked 
|  55|0x0000000692000000, 0x0000000692000000, 0x0000000692400000|  0%| F|  |TAMS 0x0000000692000000, 0x0000000692000000| Untracked 
|  56|0x0000000692400000, 0x0000000692400000, 0x0000000692800000|  0%| F|  |TAMS 0x0000000692400000, 0x0000000692400000| Untracked 
|  57|0x0000000692800000, 0x0000000692800000, 0x0000000692c00000|  0%| F|  |TAMS 0x0000000692800000, 0x0000000692800000| Untracked 
|  58|0x0000000692c00000, 0x0000000692c00000, 0x0000000693000000|  0%| F|  |TAMS 0x0000000692c00000, 0x0000000692c00000| Untracked 
|  59|0x0000000693000000, 0x0000000693000000, 0x0000000693400000|  0%| F|  |TAMS 0x0000000693000000, 0x0000000693000000| Untracked 
|  60|0x0000000693400000, 0x0000000693400000, 0x0000000693800000|  0%| F|  |TAMS 0x0000000693400000, 0x0000000693400000| Untracked 
|  61|0x0000000693800000, 0x0000000693800000, 0x0000000693c00000|  0%| F|  |TAMS 0x0000000693800000, 0x0000000693800000| Untracked 
|  62|0x0000000693c00000, 0x0000000693c00000, 0x0000000694000000|  0%| F|  |TAMS 0x0000000693c00000, 0x0000000693c00000| Untracked 
|  63|0x0000000694000000, 0x0000000694000000, 0x0000000694400000|  0%| F|  |TAMS 0x0000000694000000, 0x0000000694000000| Untracked 
|  64|0x0000000694400000, 0x0000000694400000, 0x0000000694800000|  0%| F|  |TAMS 0x0000000694400000, 0x0000000694400000| Untracked 
|  65|0x0000000694800000, 0x0000000694800000, 0x0000000694c00000|  0%| F|  |TAMS 0x0000000694800000, 0x0000000694800000| Untracked 
|  66|0x0000000694c00000, 0x0000000694c00000, 0x0000000695000000|  0%| F|  |TAMS 0x0000000694c00000, 0x0000000694c00000| Untracked 
|  67|0x0000000695000000, 0x0000000695000000, 0x0000000695400000|  0%| F|  |TAMS 0x0000000695000000, 0x0000000695000000| Untracked 
|  68|0x0000000695400000, 0x0000000695400000, 0x0000000695800000|  0%| F|  |TAMS 0x0000000695400000, 0x0000000695400000| Untracked 
|  69|0x0000000695800000, 0x0000000695800000, 0x0000000695c00000|  0%| F|  |TAMS 0x0000000695800000, 0x0000000695800000| Untracked 
|  70|0x0000000695c00000, 0x0000000695c00000, 0x0000000696000000|  0%| F|  |TAMS 0x0000000695c00000, 0x0000000695c00000| Untracked 
|  71|0x0000000696000000, 0x0000000696000000, 0x0000000696400000|  0%| F|  |TAMS 0x0000000696000000, 0x0000000696000000| Untracked 
|  72|0x0000000696400000, 0x0000000696400000, 0x0000000696800000|  0%| F|  |TAMS 0x0000000696400000, 0x0000000696400000| Untracked 
|  73|0x0000000696800000, 0x0000000696800000, 0x0000000696c00000|  0%| F|  |TAMS 0x0000000696800000, 0x0000000696800000| Untracked 
|  74|0x0000000696c00000, 0x0000000696c00000, 0x0000000697000000|  0%| F|  |TAMS 0x0000000696c00000, 0x0000000696c00000| Untracked 
|  75|0x0000000697000000, 0x0000000697000000, 0x0000000697400000|  0%| F|  |TAMS 0x0000000697000000, 0x0000000697000000| Untracked 
|  76|0x0000000697400000, 0x0000000697400000, 0x0000000697800000|  0%| F|  |TAMS 0x0000000697400000, 0x0000000697400000| Untracked 
|  77|0x0000000697800000, 0x0000000697800000, 0x0000000697c00000|  0%| F|  |TAMS 0x0000000697800000, 0x0000000697800000| Untracked 
|  78|0x0000000697c00000, 0x0000000697c00000, 0x0000000698000000|  0%| F|  |TAMS 0x0000000697c00000, 0x0000000697c00000| Untracked 
|  79|0x0000000698000000, 0x0000000698000000, 0x0000000698400000|  0%| F|  |TAMS 0x0000000698000000, 0x0000000698000000| Untracked 
|  80|0x0000000698400000, 0x0000000698400000, 0x0000000698800000|  0%| F|  |TAMS 0x0000000698400000, 0x0000000698400000| Untracked 
|  81|0x0000000698800000, 0x0000000698800000, 0x0000000698c00000|  0%| F|  |TAMS 0x0000000698800000, 0x0000000698800000| Untracked 
|  82|0x0000000698c00000, 0x0000000698c00000, 0x0000000699000000|  0%| F|  |TAMS 0x0000000698c00000, 0x0000000698c00000| Untracked 
|  83|0x0000000699000000, 0x0000000699000000, 0x0000000699400000|  0%| F|  |TAMS 0x0000000699000000, 0x0000000699000000| Untracked 
|  84|0x0000000699400000, 0x0000000699400000, 0x0000000699800000|  0%| F|  |TAMS 0x0000000699400000, 0x0000000699400000| Untracked 
|  85|0x0000000699800000, 0x0000000699800000, 0x0000000699c00000|  0%| F|  |TAMS 0x0000000699800000, 0x0000000699800000| Untracked 
|  86|0x0000000699c00000, 0x0000000699c00000, 0x000000069a000000|  0%| F|  |TAMS 0x0000000699c00000, 0x0000000699c00000| Untracked 
|  87|0x000000069a000000, 0x000000069a305878, 0x000000069a400000| 75%| S|CS|TAMS 0x000000069a000000, 0x000000069a000000| Complete 
|  88|0x000000069a400000, 0x000000069a772a08, 0x000000069a800000| 86%| E|  |TAMS 0x000000069a400000, 0x000000069a400000| Complete 
|  89|0x000000069a800000, 0x000000069ac00000, 0x000000069ac00000|100%| E|CS|TAMS 0x000000069a800000, 0x000000069a800000| Complete 
|  90|0x000000069ac00000, 0x000000069b000000, 0x000000069b000000|100%| E|CS|TAMS 0x000000069ac00000, 0x000000069ac00000| Complete 
|  91|0x000000069b000000, 0x000000069b400000, 0x000000069b400000|100%| E|CS|TAMS 0x000000069b000000, 0x000000069b000000| Complete 
|  92|0x000000069b400000, 0x000000069b800000, 0x000000069b800000|100%| E|CS|TAMS 0x000000069b400000, 0x000000069b400000| Complete 
|  93|0x000000069b800000, 0x000000069bc00000, 0x000000069bc00000|100%| E|CS|TAMS 0x000000069b800000, 0x000000069b800000| Complete 
|  94|0x000000069bc00000, 0x000000069c000000, 0x000000069c000000|100%| E|CS|TAMS 0x000000069bc00000, 0x000000069bc00000| Complete 

Card table byte_map: [0x000002d4aecd0000,0x000002d4af8b0000] _byte_map_base: 0x000002d4ab8ae000

Marking Bits (Prev, Next): (CMBitMap*) 0x000002d496c5dc90, (CMBitMap*) 0x000002d496c5dcd0
 Prev Bits: [0x000002d4b0490000, 0x000002d4b6380000)
 Next Bits: [0x000002d4b6380000, 0x000002d4bc270000)

Polling page: 0x000002d496360000

Metaspace:

Usage:
  Non-class:     17.08 MB capacity,    15.50 MB ( 91%) used,     1.56 MB (  9%) free+waste,    23.00 KB ( <1%) overhead. 
      Class:      2.25 MB capacity,     2.03 MB ( 90%) used,   216.45 KB (  9%) free+waste,     9.06 KB ( <1%) overhead. 
       Both:     19.33 MB capacity,    17.53 MB ( 91%) used,     1.77 MB (  9%) free+waste,    32.06 KB ( <1%) overhead. 

Virtual space:
  Non-class space:       18.00 MB reserved,      17.25 MB ( 96%) committed 
      Class space:        1.00 GB reserved,       2.38 MB ( <1%) committed 
             Both:        1.02 GB reserved,      19.62 MB (  2%) committed 

Chunk freelists:
   Non-Class:  50.00 KB
       Class:  0 bytes
        Both:  50.00 KB

MaxMetaspaceSize: 17179869184.00 GB
CompressedClassSpaceSize: 1.00 GB

CodeHeap 'non-profiled nmethods': size=120000Kb used=625Kb max_used=625Kb free=119374Kb
 bounds [0x000002d4a6890000, 0x000002d4a6b00000, 0x000002d4addc0000]
CodeHeap 'profiled nmethods': size=120000Kb used=3471Kb max_used=3471Kb free=116528Kb
 bounds [0x000002d49f360000, 0x000002d49f6d0000, 0x000002d4a6890000]
CodeHeap 'non-nmethods': size=5760Kb used=1244Kb max_used=1258Kb free=4515Kb
 bounds [0x000002d49edc0000, 0x000002d49f030000, 0x000002d49f360000]
 total_blobs=2389 nmethods=1883 adapters=418
 compilation: enabled
              stopped_count=0, restarted_count=0
 full_count=0

Compilation events (20 events):
Event: 1.092 Thread 0x000002d4bf5ab490 nmethod 1868 0x000002d49f6be010 code [0x000002d49f6be1a0, 0x000002d49f6be2f8]
Event: 1.095 Thread 0x000002d4bf5ab490 1869       3       java.lang.AbstractStringBuilder::append (77 bytes)
Event: 1.095 Thread 0x000002d4bf5ab490 nmethod 1869 0x000002d49f6be390 code [0x000002d49f6be5a0, 0x000002d49f6bec28]
Event: 1.098 Thread 0x000002d4bf5ab490 1870       3       java.lang.invoke.MethodHandleNatives::refKindIsMethod (19 bytes)
Event: 1.098 Thread 0x000002d4bf5ab490 nmethod 1870 0x000002d49f6bee90 code [0x000002d49f6bf040, 0x000002d49f6bf278]
Event: 1.098 Thread 0x000002d4bf5ab490 1871       3       java.lang.invoke.MethodHandles$Lookup::checkSymbolicClass (25 bytes)
Event: 1.098 Thread 0x000002d4bf723840 nmethod 1866 0x000002d4a6926e90 code [0x000002d4a6927040, 0x000002d4a6927858]
Event: 1.098 Thread 0x000002d4bf723840 1867       4       java.lang.Object::<init> (1 bytes)
Event: 1.098 Thread 0x000002d4bf5ab490 nmethod 1871 0x000002d49f6bf310 code [0x000002d49f6bf4e0, 0x000002d49f6bf748]
Event: 1.099 Thread 0x000002d4bf723840 nmethod 1867 0x000002d4a6927d90 code [0x000002d4a6927f00, 0x000002d4a6927f98]
Event: 1.103 Thread 0x000002d4bf723d50 nmethod 1864 0x000002d4a6928090 code [0x000002d4a6928260, 0x000002d4a6928ef8]
Event: 1.121 Thread 0x000002d4bf5ab490 1872       3       java.util.concurrent.ConcurrentHashMap$ValueIterator::next (34 bytes)
Event: 1.122 Thread 0x000002d4bf5ab490 nmethod 1872 0x000002d49f6bf890 code [0x000002d49f6bfa60, 0x000002d49f6bfd18]
Event: 1.123 Thread 0x000002d4bf723840 1874       4       jdk.internal.org.objectweb.asm.SymbolTable::addConstantUtf8 (98 bytes)
Event: 1.123 Thread 0x000002d4bf5ab490 1875       3       jdk.internal.org.objectweb.asm.Frame::setLocal (65 bytes)
Event: 1.124 Thread 0x000002d4bf5ab490 nmethod 1875 0x000002d49f6bfe90 code [0x000002d49f6c0060, 0x000002d49f6c05a8]
Event: 1.129 Thread 0x000002d4bf723d50 1876       4       java.lang.ref.Reference::clear (6 bytes)
Event: 1.129 Thread 0x000002d4bf723d50 nmethod 1876 0x000002d4a6929910 code [0x000002d4a6929a80, 0x000002d4a6929b38]
Event: 1.136 Thread 0x000002d4bf723840 nmethod 1874 0x000002d4a6929c10 code [0x000002d4a6929e00, 0x000002d4a692ab28]
Event: 1.157 Thread 0x000002d4bf5ab490 1878       3       java.lang.invoke.MethodHandles$Lookup::in (280 bytes)

GC Heap History (4 events):
Event: 0.361 GC heap before
{Heap before GC invocations=0 (full 0):
 garbage-first heap   total 389120K, used 24576K [0x0000000684400000, 0x0000000800000000)
  region size 4096K, 5 young (20480K), 0 survivors (0K)
 Metaspace       used 5578K, capacity 9202K, committed 9344K, reserved 1058816K
  class space    used 519K, capacity 874K, committed 896K, reserved 1048576K
}
Event: 0.364 GC heap after
{Heap after GC invocations=1 (full 0):
 garbage-first heap   total 389120K, used 6568K [0x0000000684400000, 0x0000000800000000)
  region size 4096K, 1 young (4096K), 1 survivors (4096K)
 Metaspace       used 5578K, capacity 9202K, committed 9344K, reserved 1058816K
  class space    used 519K, capacity 874K, committed 896K, reserved 1048576K
}
Event: 0.775 GC heap before
{Heap before GC invocations=1 (full 0):
 garbage-first heap   total 389120K, used 27048K [0x0000000684400000, 0x0000000800000000)
  region size 4096K, 7 young (28672K), 1 survivors (4096K)
 Metaspace       used 10353K, capacity 13257K, committed 13440K, reserved 1060864K
  class space    used 1057K, capacity 1346K, committed 1408K, reserved 1048576K
}
Event: 0.779 GC heap after
{Heap after GC invocations=2 (full 0):
 garbage-first heap   total 389120K, used 9591K [0x0000000684400000, 0x0000000800000000)
  region size 4096K, 1 young (4096K), 1 survivors (4096K)
 Metaspace       used 10353K, capacity 13257K, committed 13440K, reserved 1060864K
  class space    used 1057K, capacity 1346K, committed 1408K, reserved 1048576K
}

Deoptimization events (20 events):
Event: 0.993 Thread 0x000002d496c0ae20 Uncommon trap: trap_request=0xffffffde fr.pc=0x000002d4a6918eb4 relative=0x0000000000000114
Event: 0.993 Thread 0x000002d496c0ae20 Uncommon trap: reason=class_check action=maybe_recompile pc=0x000002d4a6918eb4 method=jdk.internal.misc.Unsafe.allocateUninitializedArray(Ljava/lang/Class;I)Ljava/lang/Object; @ 51 c2
Event: 0.993 Thread 0x000002d496c0ae20 DEOPT PACKING pc=0x000002d4a6918eb4 sp=0x000000f92fcf9870
Event: 0.993 Thread 0x000002d496c0ae20 DEOPT UNPACKING pc=0x000002d49edc852f sp=0x000000f92fcf97f8 mode 2
Event: 1.066 Thread 0x000002d496c0ae20 Uncommon trap: trap_request=0xffffff45 fr.pc=0x000002d4a68b6a98 relative=0x0000000000000478
Event: 1.066 Thread 0x000002d496c0ae20 Uncommon trap: reason=unstable_if action=reinterpret pc=0x000002d4a68b6a98 method=java.lang.StringLatin1.indexOf([BI[BII)I @ 27 c2
Event: 1.066 Thread 0x000002d496c0ae20 DEOPT PACKING pc=0x000002d4a68b6a98 sp=0x000000f92fcfe130
Event: 1.066 Thread 0x000002d496c0ae20 DEOPT UNPACKING pc=0x000002d49edc852f sp=0x000000f92fcfe090 mode 2
Event: 1.082 Thread 0x000002d496c0ae20 Uncommon trap: trap_request=0xffffff45 fr.pc=0x000002d4a68a7cb0 relative=0x0000000000000390
Event: 1.082 Thread 0x000002d496c0ae20 Uncommon trap: reason=unstable_if action=reinterpret pc=0x000002d4a68a7cb0 method=java.lang.StringLatin1.canEncode(I)Z @ 4 c2
Event: 1.082 Thread 0x000002d496c0ae20 DEOPT PACKING pc=0x000002d4a68a7cb0 sp=0x000000f92fcfe390
Event: 1.082 Thread 0x000002d496c0ae20 DEOPT UNPACKING pc=0x000002d49edc852f sp=0x000000f92fcfe2b8 mode 2
Event: 1.082 Thread 0x000002d496c0ae20 Uncommon trap: trap_request=0xffffff45 fr.pc=0x000002d4a68a8618 relative=0x0000000000000378
Event: 1.082 Thread 0x000002d496c0ae20 Uncommon trap: reason=unstable_if action=reinterpret pc=0x000002d4a68a8618 method=java.lang.AbstractStringBuilder.isLatin1()Z @ 10 c2
Event: 1.082 Thread 0x000002d496c0ae20 DEOPT PACKING pc=0x000002d4a68a8618 sp=0x000000f92fcfe330
Event: 1.082 Thread 0x000002d496c0ae20 DEOPT UNPACKING pc=0x000002d49edc852f sp=0x000000f92fcfe2c0 mode 2
Event: 1.085 Thread 0x000002d496c0ae20 Uncommon trap: trap_request=0xffffff45 fr.pc=0x000002d4a68b44c4 relative=0x0000000000000044
Event: 1.085 Thread 0x000002d496c0ae20 Uncommon trap: reason=unstable_if action=reinterpret pc=0x000002d4a68b44c4 method=java.lang.CharacterData.of(I)Ljava/lang/CharacterData; @ 4 c2
Event: 1.085 Thread 0x000002d496c0ae20 DEOPT PACKING pc=0x000002d4a68b44c4 sp=0x000000f92fcfdb40
Event: 1.085 Thread 0x000002d496c0ae20 DEOPT UNPACKING pc=0x000002d49edc852f sp=0x000000f92fcfdae0 mode 2

Classes unloaded (0 events):
No events

Classes redefined (0 events):
No events

Internal exceptions (20 events):
Event: 0.707 Thread 0x000002d496c0ae20 Exception <a 'java/lang/NoSuchMethodError'{0x000000069a6e4d68}: 'int java.lang.invoke.DelegatingMethodHandle$Holder.reinvoke_L(java.lang.Object, java.lang.Object, java.lang.Object, long, java.lang.Object, java.lang.Object)'> (0x000000069a6e4d68) 
thrown [./open/src/hotspot/share/interpreter/linkResolver.cpp, line 782]
Event: 0.708 Thread 0x000002d496c0ae20 Exception <a 'java/lang/NoSuchMethodError'{0x000000069a6f41b0}: 'void java.lang.invoke.DelegatingMethodHandle$Holder.reinvoke_L(java.lang.Object, java.lang.Object, java.lang.Object, long, java.lang.Object)'> (0x000000069a6f41b0) 
thrown [./open/src/hotspot/share/interpreter/linkResolver.cpp, line 782]
Event: 0.709 Thread 0x000002d496c0ae20 Exception <a 'java/lang/NoSuchMethodError'{0x000000069a6fc078}: 'java.lang.Object java.lang.invoke.DirectMethodHandle$Holder.invokeSpecial(java.lang.Object, java.lang.Object, java.lang.Object, java.lang.Object, long)'> (0x000000069a6fc078) 
thrown [./open/src/hotspot/share/interpreter/linkResolver.cpp, line 782]
Event: 0.710 Thread 0x000002d496c0ae20 Exception <a 'java/lang/NoSuchMethodError'{0x000000069a716008}: 'long java.lang.invoke.Invokers$Holder.invoke_MT(java.lang.Object, java.lang.Object, java.lang.Object, java.lang.Object)'> (0x000000069a716008) 
thrown [./open/src/hotspot/share/interpreter/linkResolver.cpp, line 782]
Event: 0.714 Thread 0x000002d496c0ae20 Exception <a 'java/lang/NoSuchMethodError'{0x000000069a721e50}: 'int java.lang.invoke.DirectMethodHandle$Holder.invokeSpecial(java.lang.Object, java.lang.Object, java.lang.Object)'> (0x000000069a721e50) 
thrown [./open/src/hotspot/share/interpreter/linkResolver.cpp, line 782]
Event: 0.715 Thread 0x000002d496c0ae20 Exception <a 'java/lang/NoSuchMethodError'{0x000000069a725f98}: 'int java.lang.invoke.DirectMethodHandle$Holder.invokeSpecial(java.lang.Object, java.lang.Object, java.lang.Object, java.lang.Object)'> (0x000000069a725f98) 
thrown [./open/src/hotspot/share/interpreter/linkResolver.cpp, line 782]
Event: 0.715 Thread 0x000002d496c0ae20 Exception <a 'java/lang/NoSuchMethodError'{0x000000069a7297d8}: 'int java.lang.invoke.Invokers$Holder.invoke_MT(java.lang.Object, java.lang.Object, java.lang.Object, java.lang.Object)'> (0x000000069a7297d8) 
thrown [./open/src/hotspot/share/interpreter/linkResolver.cpp, line 782]
Event: 0.718 Thread 0x000002d496c0ae20 Exception <a 'java/lang/NoSuchMethodError'{0x000000069a739a68}: 'int java.lang.invoke.DelegatingMethodHandle$Holder.reinvoke_L(java.lang.Object, java.lang.Object, java.lang.Object, long, int)'> (0x000000069a739a68) 
thrown [./open/src/hotspot/share/interpreter/linkResolver.cpp, line 782]
Event: 0.832 Thread 0x000002d496c0ae20 Exception <a 'java/lang/NoSuchMethodError'{0x000000069bfe20f0}: 'java.lang.Object java.lang.invoke.DirectMethodHandle$Holder.invokeStatic(java.lang.Object)'> (0x000000069bfe20f0) 
thrown [./open/src/hotspot/share/interpreter/linkResolver.cpp, line 782]
Event: 0.833 Thread 0x000002d496c0ae20 Exception <a 'java/lang/NoSuchMethodError'{0x000000069bfe5760}: 'java.lang.Object java.lang.invoke.DirectMethodHandle$Holder.invokeStaticInit(java.lang.Object)'> (0x000000069bfe5760) 
thrown [./open/src/hotspot/share/interpreter/linkResolver.cpp, line 782]
Event: 0.982 Thread 0x000002d496c0ae20 Exception <a 'java/lang/NoSuchMethodError'{0x000000069b1ab718}: 'java.lang.Object java.lang.invoke.DirectMethodHandle$Holder.invokeStaticInit(java.lang.Object, int)'> (0x000000069b1ab718) 
thrown [./open/src/hotspot/share/interpreter/linkResolver.cpp, line 782]
Event: 0.986 Thread 0x000002d496c0ae20 Exception <a 'java/lang/NoSuchMethodError'{0x000000069b233ae8}: 'void java.lang.invoke.DirectMethodHandle$Holder.invokeStatic(java.lang.Object, java.lang.Object)'> (0x000000069b233ae8) 
thrown [./open/src/hotspot/share/interpreter/linkResolver.cpp, line 782]
Event: 0.998 Thread 0x000002d496c0ae20 Exception <a 'java/lang/NoSuchMethodError'{0x000000069b37ed78}: 'long java.lang.invoke.DirectMethodHandle$Holder.invokeStatic(java.lang.Object)'> (0x000000069b37ed78) 
thrown [./open/src/hotspot/share/interpreter/linkResolver.cpp, line 782]
Event: 0.998 Thread 0x000002d496c0ae20 Exception <a 'java/lang/NoSuchMethodError'{0x000000069b3826d0}: 'long java.lang.invoke.DirectMethodHandle$Holder.invokeStaticInit(java.lang.Object)'> (0x000000069b3826d0) 
thrown [./open/src/hotspot/share/interpreter/linkResolver.cpp, line 782]
Event: 1.029 Thread 0x000002d496c0ae20 Exception <a 'java/lang/NoSuchMethodError'{0x000000069af30210}: 'int java.lang.invoke.DirectMethodHandle$Holder.invokeStaticInit(java.lang.Object, java.lang.Object, java.lang.Object)'> (0x000000069af30210) 
thrown [./open/src/hotspot/share/interpreter/linkResolver.cpp, line 782]
Event: 1.032 Thread 0x000002d496c0ae20 Exception <a 'java/lang/NoSuchMethodError'{0x000000069af5bfb0}: 'int java.lang.invoke.DirectMethodHandle$Holder.invokeStaticInit(java.lang.Object, java.lang.Object)'> (0x000000069af5bfb0) 
thrown [./open/src/hotspot/share/interpreter/linkResolver.cpp, line 782]
Event: 1.123 Thread 0x000002d496c0ae20 Exception <a 'java/lang/NoSuchMethodError'{0x000000069abb1520}: 'java.lang.Object java.lang.invoke.DirectMethodHandle$Holder.invokeInterface(java.lang.Object, java.lang.Object)'> (0x000000069abb1520) 
thrown [./open/src/hotspot/share/interpreter/linkResolver.cpp, line 782]
Event: 1.157 Thread 0x000002d496c0ae20 Exception <a 'java/lang/NoSuchMethodError'{0x000000069abce478}: 'java.lang.Object java.lang.invoke.DirectMethodHandle$Holder.newInvokeSpecial(java.lang.Object, java.lang.Object, java.lang.Object, int)'> (0x000000069abce478) 
thrown [./open/src/hotspot/share/interpreter/linkResolver.cpp, line 782]
Event: 1.158 Thread 0x000002d496c0ae20 Exception <a 'java/lang/NoSuchMethodError'{0x000000069abd2960}: 'java.lang.Object java.lang.invoke.DirectMethodHandle$Holder.invokeSpecial(java.lang.Object, java.lang.Object, java.lang.Object, java.lang.Object, int)'> (0x000000069abd2960) 
thrown [./open/src/hotspot/share/interpreter/linkResolver.cpp, line 782]
Event: 1.158 Thread 0x000002d496c0ae20 Exception <a 'java/lang/NoSuchMethodError'{0x000000069abd6720}: 'java.lang.Object java.lang.invoke.Invokers$Holder.linkToTargetMethod(java.lang.Object, java.lang.Object, int, java.lang.Object)'> (0x000000069abd6720) 
thrown [./open/src/hotspot/share/interpreter/linkResolver.cpp, line 782]

Events (20 events):
Event: 1.153 loading class sun/nio/fs/WindowsSecurityDescriptor
Event: 1.153 loading class sun/nio/fs/WindowsSecurityDescriptor done
Event: 1.153 loading class sun/nio/fs/WindowsChannelFactory$2
Event: 1.153 loading class sun/nio/fs/WindowsChannelFactory$2 done
Event: 1.154 loading class java/nio/channels/spi/AbstractInterruptibleChannel$1
Event: 1.154 loading class sun/nio/ch/Interruptible
Event: 1.154 loading class sun/nio/ch/Interruptible done
Event: 1.154 loading class java/nio/channels/spi/AbstractInterruptibleChannel$1 done
Event: 1.154 loading class sun/nio/ch/NativeThread
Event: 1.154 loading class sun/nio/ch/NativeThread done
Event: 1.154 loading class sun/nio/ch/IOStatus
Event: 1.154 loading class sun/nio/ch/IOStatus done
Event: 1.154 loading class sun/nio/ch/Util
Event: 1.154 loading class sun/nio/ch/Util done
Event: 1.154 loading class sun/nio/ch/Util$1
Event: 1.154 loading class sun/nio/ch/Util$1 done
Event: 1.154 loading class sun/nio/ch/Util$BufferCache
Event: 1.154 loading class sun/nio/ch/Util$BufferCache done
Event: 1.154 loading class java/nio/DirectByteBuffer$Deallocator
Event: 1.154 loading class java/nio/DirectByteBuffer$Deallocator done


Dynamic libraries:
0x00007ff729470000 - 0x00007ff72947f000 	C:\Program Files\Java\jdk-15\bin\java.exe
0x00007ffe40650000 - 0x00007ffe40848000 	C:\Windows\SYSTEM32\ntdll.dll
0x00007ffe3e790000 - 0x00007ffe3e84f000 	C:\Windows\System32\KERNEL32.DLL
0x00007ffe3de60000 - 0x00007ffe3e156000 	C:\Windows\System32\KERNELBASE.dll
0x00007ffe3dd30000 - 0x00007ffe3de30000 	C:\Windows\System32\ucrtbase.dll
0x00007ffe22b60000 - 0x00007ffe22b79000 	C:\Program Files\Java\jdk-15\bin\VCRUNTIME140.dll
0x00007ffe228a0000 - 0x00007ffe228b8000 	C:\Program Files\Java\jdk-15\bin\jli.dll
0x00007ffe3f6a0000 - 0x00007ffe3f74f000 	C:\Windows\System32\ADVAPI32.dll
0x00007ffe3f320000 - 0x00007ffe3f3be000 	C:\Windows\System32\msvcrt.dll
0x00007ffe401b0000 - 0x00007ffe4024c000 	C:\Windows\System32\sechost.dll
0x00007ffe3ea00000 - 0x00007ffe3eb26000 	C:\Windows\System32\RPCRT4.dll
0x00007ffe3f860000 - 0x00007ffe3f9fd000 	C:\Windows\System32\USER32.dll
0x00007ffe3e410000 - 0x00007ffe3e432000 	C:\Windows\System32\win32u.dll
0x00007ffe3f830000 - 0x00007ffe3f85c000 	C:\Windows\System32\GDI32.dll
0x00007ffe3e440000 - 0x00007ffe3e555000 	C:\Windows\System32\gdi32full.dll
0x00007ffe3e610000 - 0x00007ffe3e6ad000 	C:\Windows\System32\msvcp_win.dll
0x00007ffe24110000 - 0x00007ffe243aa000 	C:\Windows\WinSxS\amd64_microsoft.windows.common-controls_6595b64144ccf1df_6.0.19041.1110_none_60b5254171f9507e\COMCTL32.dll
0x00007ffe3c9c0000 - 0x00007ffe3c9ca000 	C:\Windows\SYSTEM32\VERSION.dll
0x00007ffe3e850000 - 0x00007ffe3e880000 	C:\Windows\System32\IMM32.DLL
0x00007ffe29320000 - 0x00007ffe2948b000 	C:\Windows\system32\tmumh\20019\AddOn\8.55.0.1129\TmUmEvt64.dll
0x00007ffe3eea0000 - 0x00007ffe3eea8000 	C:\Windows\System32\PSAPI.DLL
0x00000000771e0000 - 0x0000000077353000 	C:\Windows\system32\tmumh\20019\TmMon\2.9.0.1048\tmmon64.dll
0x00007ffe12320000 - 0x00007ffe12651000 	C:\Windows\System32\TmLWE\TmUmSnsr64\1.0.0.1119\TmUmSnsr64.dll
0x00007ffe3c980000 - 0x00007ffe3c992000 	C:\Windows\SYSTEM32\kernel.appcore.dll
0x00007ffe35fc0000 - 0x00007ffe35fcc000 	C:\Program Files\Java\jdk-15\bin\vcruntime140_1.dll
0x00007ffdeba20000 - 0x00007ffdebab1000 	C:\Program Files\Java\jdk-15\bin\msvcp140.dll
0x00007ffdc30b0000 - 0x00007ffdc3c0c000 	C:\Program Files\Java\jdk-15\bin\server\jvm.dll
0x00007ffe1a270000 - 0x00007ffe1a279000 	C:\Windows\SYSTEM32\WSOCK32.dll
0x00007ffe3f630000 - 0x00007ffe3f69b000 	C:\Windows\System32\WS2_32.dll
0x00007ffe2ca90000 - 0x00007ffe2cab7000 	C:\Windows\SYSTEM32\WINMM.dll
0x00007ffe339a0000 - 0x00007ffe339aa000 	C:\Program Files\Java\jdk-15\bin\jimage.dll
0x00007ffe3b570000 - 0x00007ffe3b754000 	C:\Windows\SYSTEM32\DBGHELP.DLL
0x00007ffe1eb20000 - 0x00007ffe1eb54000 	C:\Windows\SYSTEM32\dbgcore.DLL
0x00007ffe3e310000 - 0x00007ffe3e392000 	C:\Windows\System32\bcryptPrimitives.dll
0x00007ffe21f10000 - 0x00007ffe21f35000 	C:\Program Files\Java\jdk-15\bin\java.dll
0x00007ffe3fa00000 - 0x00007ffe40144000 	C:\Windows\System32\SHELL32.dll
0x00007ffe3b8e0000 - 0x00007ffe3c074000 	C:\Windows\SYSTEM32\windows.storage.dll
0x00007ffe3eb30000 - 0x00007ffe3ee84000 	C:\Windows\System32\combase.dll
0x00007ffe3d690000 - 0x00007ffe3d6be000 	C:\Windows\SYSTEM32\Wldp.dll
0x00007ffe40320000 - 0x00007ffe403cd000 	C:\Windows\System32\SHCORE.dll
0x00007ffe40150000 - 0x00007ffe401a5000 	C:\Windows\System32\shlwapi.dll
0x00007ffe3dc60000 - 0x00007ffe3dc85000 	C:\Windows\SYSTEM32\profapi.dll
0x00007ffe144f0000 - 0x00007ffe14509000 	C:\Program Files\Java\jdk-15\bin\net.dll
0x00007ffe3ccc0000 - 0x00007ffe3cdca000 	C:\Windows\SYSTEM32\WINHTTP.dll
0x00007ffe3d470000 - 0x00007ffe3d4da000 	C:\Windows\system32\mswsock.dll
0x00007ffe144d0000 - 0x00007ffe144e2000 	C:\Program Files\Java\jdk-15\bin\nio.dll
0x00007ffe144b0000 - 0x00007ffe144c8000 	C:\Program Files\Java\jdk-15\bin\zip.dll
0x00007ffe31bc0000 - 0x00007ffe31bd0000 	C:\Program Files\Java\jdk-15\bin\verify.dll

dbghelp: loaded successfully - version: 4.0.5 - missing functions: none
symbol engine: initialized successfully - sym options: 0x614 - pdb path: .;C:\Program Files\Java\jdk-15\bin;C:\Windows\SYSTEM32;C:\Windows\WinSxS\amd64_microsoft.windows.common-controls_6595b64144ccf1df_6.0.19041.1110_none_60b5254171f9507e;C:\Windows\system32\tmumh\20019\AddOn\8.55.0.1129;C:\Windows\system32\tmumh\20019\TmMon\2.9.0.1048;C:\Windows\System32\TmLWE\TmUmSnsr64\1.0.0.1119;C:\Program Files\Java\jdk-15\bin\server

VM Arguments:
java_command: org.jetbrains.kotlin.cli.jvm.K2JVMCompiler @C:\Users\julio.armijo\Documents\JA_Resplado\Coppel\inspecciones\apkqa001inspecciones\app\build\20230718_14849366743524210609.compiler.options
java_class_path (initial): C:\Users\julio.armijo\AppData\Local\Android\Sdk\caches\modules-2\files-2.1\org.jetbrains.kotlin\kotlin-compiler-embeddable\1.6.21\97bdd5a752ce73b58ef16c17bc7f0ea2faff7a2e\kotlin-compiler-embeddable-1.6.21.jar;C:\Users\julio.armijo\AppData\Local\Android\Sdk\caches\modules-2\files-2.1\org.jetbrains.kotlin\kotlin-reflect\1.6.21\5dc3574d9b7bebfcb4ec6b10ada4aaa9e140bd0b\kotlin-reflect-1.6.21.jar;C:\Users\julio.armijo\AppData\Local\Android\Sdk\caches\modules-2\files-2.1\org.jetbrains.kotlin\kotlin-stdlib\1.6.21\11ef67f1900634fd951bad28c53ec957fabbe5b8\kotlin-stdlib-1.6.21.jar;C:\Users\julio.armijo\AppData\Local\Android\Sdk\caches\modules-2\files-2.1\org.jetbrains.kotlin\kotlin-script-runtime\1.6.21\99c6675100da5d6d5b1c5a1032f27f28008d101b\kotlin-script-runtime-1.6.21.jar;C:\Users\julio.armijo\AppData\Local\Android\Sdk\caches\modules-2\files-2.1\org.jetbrains.kotlin\kotlin-daemon-embeddable\1.6.21\46b78cf392e1c4f10854c3cadba44abb7b82250f\kotlin-daemon-embeddable-1.6.21.jar;C:\Users\julio.armijo\AppData\Local\Android\Sdk\caches\modules-2\files-2.1\org.jetbrains.intellij.deps\trove4j\1.0.20200330\3afb14d5f9ceb459d724e907a21145e8ff394f02\trove4j-1.0.20200330.jar;C:\Users\julio.armijo\AppData\Local\Android\Sdk\caches\modules-2\files-2.1\net.java.dev.jna\jna\5.6.0\330f2244e9030119ab3030fc3fededc86713d9cc\jna-5.6.0.jar;C:\Users\julio.armijo\AppData\Local\Android\Sdk\caches\modules-2\files-2.1\org.jetbrains.kotlin\kotlin-stdlib-common\1.6.21\5e5b55c26dbc80372a920aef60eb774b714559b8\kotlin-stdlib-common-1.6.21.jar;C:\Users\julio.armijo\AppData\Local\Android\Sdk\caches\modules-2\files-2.1\org.jetbrains\annotations\13.0\919f0dfe192fb4e063e7dacadee7f8bb9a2672a9\annotations-13.0.jar
Launcher Type: SUN_STANDARD

[Global flags]
     intx CICompilerCount                          = 4                                         {product} {ergonomic}
     uint ConcGCThreads                            = 2                                         {product} {ergonomic}
     uint G1ConcRefinementThreads                  = 8                                         {product} {ergonomic}
   size_t G1HeapRegionSize                         = 4194304                                   {product} {ergonomic}
    uintx GCDrainStackTargetSize                   = 64                                        {product} {ergonomic}
   size_t InitialHeapSize                          = 398458880                                 {product} {ergonomic}
   size_t MarkStackSize                            = 4194304                                   {product} {ergonomic}
   size_t MaxHeapSize                              = 6371147776                                {product} {ergonomic}
   size_t MaxNewSize                               = 3821010944                                {product} {ergonomic}
   size_t MinHeapDeltaBytes                        = 4194304                                   {product} {ergonomic}
   size_t MinHeapSize                              = 8388608                                   {product} {ergonomic}
    uintx NonNMethodCodeHeapSize                   = 5839372                                {pd product} {ergonomic}
    uintx NonProfiledCodeHeapSize                  = 122909434                              {pd product} {ergonomic}
    uintx ProfiledCodeHeapSize                     = 122909434                              {pd product} {ergonomic}
    uintx ReservedCodeCacheSize                    = 251658240                              {pd product} {ergonomic}
     bool SegmentedCodeCache                       = true                                      {product} {ergonomic}
   size_t SoftMaxHeapSize                          = 6371147776                             {manageable} {ergonomic}
     bool UseCompressedClassPointers               = true                                 {lp64_product} {ergonomic}
     bool UseCompressedOops                        = true                                 {lp64_product} {ergonomic}
     bool UseG1GC                                  = true                                      {product} {ergonomic}
     bool UseLargePagesIndividualAllocation        = false                                  {pd product} {ergonomic}

Logging:
Log output configuration:
 #0: stdout all=warning uptime,level,tags
 #1: stderr all=off uptime,level,tags

Environment Variables:
JAVA_HOME=C:\Program Files\Eclipse Adoptium\jdk-17.0.6.10-hotspot\
PATH=C:\Program Files\Common Files\Oracle\Java\javapath;C:\Program Files\Microsoft MPI\Bin\;C:\Program Files\Eclipse Adoptium\jdk-17.0.6.10-hotspot\bin;C:\Python311\Scripts\;C:\Python311\;C:\Windows\system32;C:\Windows;C:\Windows\System32\Wbem;C:\Windows\System32\WindowsPowerShell\v1.0\;C:\Windows\System32\OpenSSH\;C:\Program Files\Intel\WiFi\bin\;C:\Program Files\Common Files\Intel\WirelessCommon\;C:\Users\usuario\AppData\Local\Microsoft\WindowsApps;C:\Program Files (x86)\Git\cmd;C:\Program Files\TortoiseGit\bin;C:\Program Files\TortoiseSVN\bin;C:\ProgramData\chocolatey\bin;C:\java\jdk-13.0.2\bin;C:\Program Files\dotnet\;C:\Program Files\Microsoft SQL Server\150\Tools\Binn\;C:\Users\julio.armijo\AppData\Roaming\nvm;C:\Program Files\nodejs;C:\Program Files (x86)\Microsoft SQL Server\160\DTS\Binn\;C:\Program Files\Azure Data Studio\bin;C:\Program Files (x86)\Microsoft SQL Server\160\Tools\Binn\;C:\Program Files\Microsoft SQL Server\160\Tools\Binn\;C:\Program Files\Microsoft SQL Server\Client SDK\ODBC\170\Tools\Binn\;C:\Program Files\Microsoft SQL Server\160\DTS\Binn\;C:\Users\julio.armijo\.console-ninja\.bin;C:\Program Files\nodejs\node_modules\npm\bin;C:\Program Files\nodejs;C:\ja_xampp\php;C:\Users\julio.armijo\AppData\Local\ComposerSetup\bin;C:\Users\julio.armijo\AppData\Roaming\Composer\vendor\bin;C:\Users\julio.armijo\AppData\Local\Programs\Microsoft VS Code\bin;C:\Users\julio.armijo\.dotnet\tools;C:\Users\julio.armijo\AppData\Roaming\nvm;C:\Program Files\nodejs;C:\Users\julio.armijo\AppData\Local\GitHubDesktop\bin;C:\Program Files\Azure Data Studio\bin
USERNAME=julio.armijo
OS=Windows_NT
PROCESSOR_IDENTIFIER=Intel64 Family 6 Model 140 Stepping 1, GenuineIntel



---------------  S Y S T E M  ---------------

OS:
 Windows 10 , 64 bit Build 19041 (10.0.19041.3155)
OS uptime: 1 days 4:25 hours
HyperV virtualization detected

CPU: total 8 (initial active 8) (4 cores per cpu, 2 threads per core) family 6 model 140 stepping 1, cmov, cx8, fxsr, mmx, sse, sse2, sse3, ssse3, sse4.1, sse4.2, popcnt, vzeroupper, avx, avx2, aes, clmul, erms, 3dnowpref, lzcnt, ht, tsc, tscinvbit, bmi1, bmi2, adx, avx512f, avx512dq, avx512cd, avx512bw, avx512vl, avx512_vpopcntdq, avx512_vpclmulqdq, avx512_vbmi, avx512_vbmi2, avx512_vaes, avx512_vnni, sha, fma, clflush, clflushopt, clwb

Memory: 4k page, system-wide physical 24295M (775M free)
TotalPageFile size 24295M (AvailPageFile size 23M)
current process WorkingSet (physical memory assigned to process): 134M, peak: 134M
current process commit charge ("private bytes"): 532M, peak: 532M

vm_info: Java HotSpot(TM) 64-Bit Server VM (15+36-1562) for windows-amd64 JRE (15+36-1562), built on Aug 11 2020 22:38:02 by "mach5one" with unknown MS VC++:1925

END.
