#
# There is insufficient memory for the Java Runtime Environment to continue.
# Native memory allocation (mmap) failed to map 398458880 bytes for G1 virtual space
# Possible reasons:
#   The system is out of physical RAM or swap space
#   The process is running with CompressedOops enabled, and the Java Heap may be blocking the growth of the native heap
# Possible solutions:
#   Reduce memory load on the system
#   Increase physical memory or swap space
#   Check if swap backing store is full
#   Decrease Java heap size (-Xmx/-Xms)
#   Decrease number of Java threads
#   Decrease Java thread stack sizes (-Xss)
#   Set larger code cache with -XX:ReservedCodeCacheSize=
#   JVM is running with Zero Based Compressed Oops mode in which the Java heap is
#     placed in the first 32GB address space. The Java Heap base address is the
#     maximum limit for the native heap growth. Please use -XX:HeapBaseMinAddress
#     to set the Java Heap base and to place the Java Heap above 32GB virtual address.
# This output file may be truncated or incomplete.
#
#  Out of Memory Error (./open/src/hotspot/os/windows/os_windows.cpp:3472), pid=25160, tid=20456
#
# JRE version:  (15.0+36) (build )
# Java VM: Java HotSpot(TM) 64-Bit Server VM (15+36-1562, mixed mode, sharing, tiered, compressed oops, g1 gc, windows-amd64)
# No core dump will be written. Minidumps are not enabled by default on client versions of Windows
#

---------------  S U M M A R Y ------------

Command Line: org.jetbrains.kotlin.cli.jvm.K2JVMCompiler @C:\Users\julio.armijo\Documents\JA_Resplado\Coppel\inspecciones\apkqa001inspecciones\app\build\20230802_18204138583168375399.compiler.options

Host: 11th Gen Intel(R) Core(TM) i7-1165G7 @ 2.80GHz, 8 cores, 23G,  Windows 10 , 64 bit Build 19041 (10.0.19041.3155)
Time: Wed Aug  2 18:19:14 2023 Hora estándar central (México) elapsed time: 0.018522 seconds (0d 0h 0m 0s)

---------------  T H R E A D  ---------------

Current thread (0x0000022b0b55afc0):  JavaThread "Unknown thread" [_thread_in_vm, id=20456, stack(0x000000894ae00000,0x000000894af00000)]

Stack: [0x000000894ae00000,0x000000894af00000]
Native frames: (J=compiled Java code, j=interpreted, Vv=VM code, C=native code)
V  [jvm.dll+0x629eaa]
V  [jvm.dll+0x780379]
V  [jvm.dll+0x781ad3]
V  [jvm.dll+0x782133]
V  [jvm.dll+0x2159d5]
V  [jvm.dll+0x627299]
V  [jvm.dll+0x61bdd5]
V  [jvm.dll+0x2cf96d]
V  [jvm.dll+0x2cf7d2]
V  [jvm.dll+0x2d57ac]
V  [jvm.dll+0x32523a]
V  [jvm.dll+0x324904]
V  [jvm.dll+0x2a68ea]
V  [jvm.dll+0x2a7a88]
V  [jvm.dll+0x75d0f1]
V  [jvm.dll+0x333af4]
V  [jvm.dll+0x73d816]
V  [jvm.dll+0x3b68e7]
V  [jvm.dll+0x3b8371]
C  [jli.dll+0x52fb]
C  [ucrtbase.dll+0x21bb2]
C  [KERNEL32.DLL+0x17614]
C  [ntdll.dll+0x526b1]


---------------  P R O C E S S  ---------------

Threads class SMR info:
_java_thread_list=0x00007ffe2b1e2fa0, length=0, elements={
}

Java Threads: ( => current thread )

Other Threads:
  0x0000022b33c99b70 GCTaskThread "GC Thread#0" [stack: 0x000000894af00000,0x000000894b000000] [id=21456]
  0x0000022b0e67e860 ConcurrentGCThread "G1 Main Marker" [stack: 0x000000894b000000,0x000000894b100000] [id=8996]
  0x0000022b33ca6a90 ConcurrentGCThread "G1 Conc#0" [stack: 0x000000894b100000,0x000000894b200000] [id=2316]

[error occurred during error reporting (printing all threads), id 0xc0000005, EXCEPTION_ACCESS_VIOLATION (0xc0000005) at pc=0x00007ffe2a9d77b7]

VM state: not at safepoint (not fully initialized)

VM Mutex/Monitor currently owned by a thread:  ([mutex/lock_event])
[0x0000022b0e629bf0] Heap_lock - owner thread: 0x0000022b0b55afc0

Heap address: 0x0000000684400000, size: 6076 MB, Compressed Oops mode: Zero based, Oop shift amount: 3
CDS archive(s) mapped at: [0x0000000000000000-0x0000000000000000-0x0000000000000000), size 0, SharedBaseAddress: 0x0000000800000000, ArchiveRelocationMode: 0.
Narrow klass base: 0x0000000000000000, Narrow klass shift: 0, Narrow klass range: 0x0

Heap:
 garbage-first heap   total 389120K, used 0K [0x0000000684400000, 0x0000000800000000)
  region size 4096K, 0 young (0K), 0 survivors (0K)
 Metaspace       used 0K, capacity 0K, committed 0K, reserved 0K
  class space    used 0K, capacity 0K, committed 0K, reserved 0K

Heap Regions: E=young(eden), S=young(survivor), O=old, HS=humongous(starts), HC=humongous(continues), CS=collection set, F=free, OA=open archive, CA=closed archive, TAMS=top-at-mark-start (previous, next)

Card table byte_map: [0x0000022b266f0000,0x0000022b272d0000] _byte_map_base: 0x0000022b232ce000

Marking Bits (Prev, Next): (CMBitMap*) 0x0000022b0e67df30, (CMBitMap*) 0x0000022b0e67df70
 Prev Bits: [0x0000022b27eb0000, 0x0000022b2dda0000)
 Next Bits: [0x0000022b2dda0000, 0x0000022b33c90000)

GC Heap History (0 events):
No events

Deoptimization events (0 events):
No events

Classes unloaded (0 events):
No events

Classes redefined (0 events):
No events

Internal exceptions (0 events):
No events

Events (1 events):
Event: 0.010 Loaded shared library C:\Program Files\Java\jdk-15\bin\java.dll


Dynamic libraries:
0x00007ff6935f0000 - 0x00007ff6935ff000 	C:\Program Files\Java\jdk-15\bin\java.exe
0x00007ffea4050000 - 0x00007ffea4248000 	C:\Windows\SYSTEM32\ntdll.dll
0x00007ffea2d10000 - 0x00007ffea2dcf000 	C:\Windows\System32\KERNEL32.DLL
0x00007ffea1880000 - 0x00007ffea1b76000 	C:\Windows\System32\KERNELBASE.dll
0x00007ffea1fb0000 - 0x00007ffea20b0000 	C:\Windows\System32\ucrtbase.dll
0x00007ffe9bc20000 - 0x00007ffe9bc38000 	C:\Program Files\Java\jdk-15\bin\jli.dll
0x00007ffe9bc00000 - 0x00007ffe9bc19000 	C:\Program Files\Java\jdk-15\bin\VCRUNTIME140.dll
0x00007ffea3110000 - 0x00007ffea31bf000 	C:\Windows\System32\ADVAPI32.dll
0x00007ffea31c0000 - 0x00007ffea325e000 	C:\Windows\System32\msvcrt.dll
0x00007ffea2b10000 - 0x00007ffea2bac000 	C:\Windows\System32\sechost.dll
0x00007ffea38c0000 - 0x00007ffea39e6000 	C:\Windows\System32\RPCRT4.dll
0x00007ffea2800000 - 0x00007ffea299d000 	C:\Windows\System32\USER32.dll
0x00007ffea1730000 - 0x00007ffea1752000 	C:\Windows\System32\win32u.dll
0x00007ffea3760000 - 0x00007ffea378c000 	C:\Windows\System32\GDI32.dll
0x00007ffea1760000 - 0x00007ffea1875000 	C:\Windows\System32\gdi32full.dll
0x00007ffea1cf0000 - 0x00007ffea1d8d000 	C:\Windows\System32\msvcp_win.dll
0x00007ffe8ccb0000 - 0x00007ffe8cf4a000 	C:\Windows\WinSxS\amd64_microsoft.windows.common-controls_6595b64144ccf1df_6.0.19041.1110_none_60b5254171f9507e\COMCTL32.dll
0x00007ffea03c0000 - 0x00007ffea03ca000 	C:\Windows\SYSTEM32\VERSION.dll
0x00007ffea2c70000 - 0x00007ffea2ca0000 	C:\Windows\System32\IMM32.DLL
0x00007ffe8d4d0000 - 0x00007ffe8d63b000 	C:\Windows\system32\tmumh\20019\AddOn\8.55.0.1129\TmUmEvt64.dll
0x00007ffea3260000 - 0x00007ffea3268000 	C:\Windows\System32\PSAPI.DLL
0x00000000509b0000 - 0x0000000050b23000 	C:\Windows\system32\tmumh\20019\TmMon\2.9.0.1048\tmmon64.dll
0x00007ffe7aea0000 - 0x00007ffe7b1d1000 	C:\Windows\System32\TmLWE\TmUmSnsr64\1.0.0.1119\TmUmSnsr64.dll
0x00007ffea0380000 - 0x00007ffea0392000 	C:\Windows\SYSTEM32\kernel.appcore.dll
0x00007ffe9bbc0000 - 0x00007ffe9bbcc000 	C:\Program Files\Java\jdk-15\bin\vcruntime140_1.dll
0x00007ffe84ca0000 - 0x00007ffe84d31000 	C:\Program Files\Java\jdk-15\bin\msvcp140.dll
0x00007ffe2a720000 - 0x00007ffe2b27c000 	C:\Program Files\Java\jdk-15\bin\server\jvm.dll
0x00007ffe81240000 - 0x00007ffe81249000 	C:\Windows\SYSTEM32\WSOCK32.dll
0x00007ffea2ca0000 - 0x00007ffea2d0b000 	C:\Windows\System32\WS2_32.dll
0x00007ffe900f0000 - 0x00007ffe90117000 	C:\Windows\SYSTEM32\WINMM.dll
0x00007ffe9bbb0000 - 0x00007ffe9bbba000 	C:\Program Files\Java\jdk-15\bin\jimage.dll
0x00007ffe9f890000 - 0x00007ffe9fa74000 	C:\Windows\SYSTEM32\DBGHELP.DLL
0x00007ffe82520000 - 0x00007ffe82554000 	C:\Windows\SYSTEM32\dbgcore.DLL
0x00007ffea1c60000 - 0x00007ffea1ce2000 	C:\Windows\System32\bcryptPrimitives.dll
0x00007ffe955c0000 - 0x00007ffe955e5000 	C:\Program Files\Java\jdk-15\bin\java.dll

dbghelp: loaded successfully - version: 4.0.5 - missing functions: none
symbol engine: initialized successfully - sym options: 0x614 - pdb path: .;C:\Program Files\Java\jdk-15\bin;C:\Windows\SYSTEM32;C:\Windows\WinSxS\amd64_microsoft.windows.common-controls_6595b64144ccf1df_6.0.19041.1110_none_60b5254171f9507e;C:\Windows\system32\tmumh\20019\AddOn\8.55.0.1129;C:\Windows\system32\tmumh\20019\TmMon\2.9.0.1048;C:\Windows\System32\TmLWE\TmUmSnsr64\1.0.0.1119;C:\Program Files\Java\jdk-15\bin\server

VM Arguments:
java_command: org.jetbrains.kotlin.cli.jvm.K2JVMCompiler @C:\Users\julio.armijo\Documents\JA_Resplado\Coppel\inspecciones\apkqa001inspecciones\app\build\20230802_18204138583168375399.compiler.options
java_class_path (initial): C:\Users\julio.armijo\AppData\Local\Android\Sdk\caches\modules-2\files-2.1\org.jetbrains.kotlin\kotlin-compiler-embeddable\1.6.21\97bdd5a752ce73b58ef16c17bc7f0ea2faff7a2e\kotlin-compiler-embeddable-1.6.21.jar;C:\Users\julio.armijo\AppData\Local\Android\Sdk\caches\modules-2\files-2.1\org.jetbrains.kotlin\kotlin-reflect\1.6.21\5dc3574d9b7bebfcb4ec6b10ada4aaa9e140bd0b\kotlin-reflect-1.6.21.jar;C:\Users\julio.armijo\AppData\Local\Android\Sdk\caches\modules-2\files-2.1\org.jetbrains.kotlin\kotlin-stdlib\1.6.21\11ef67f1900634fd951bad28c53ec957fabbe5b8\kotlin-stdlib-1.6.21.jar;C:\Users\julio.armijo\AppData\Local\Android\Sdk\caches\modules-2\files-2.1\org.jetbrains.kotlin\kotlin-script-runtime\1.6.21\99c6675100da5d6d5b1c5a1032f27f28008d101b\kotlin-script-runtime-1.6.21.jar;C:\Users\julio.armijo\AppData\Local\Android\Sdk\caches\modules-2\files-2.1\org.jetbrains.kotlin\kotlin-daemon-embeddable\1.6.21\46b78cf392e1c4f10854c3cadba44abb7b82250f\kotlin-daemon-embeddable-1.6.21.jar;C:\Users\julio.armijo\AppData\Local\Android\Sdk\caches\modules-2\files-2.1\org.jetbrains.intellij.deps\trove4j\1.0.20200330\3afb14d5f9ceb459d724e907a21145e8ff394f02\trove4j-1.0.20200330.jar;C:\Users\julio.armijo\AppData\Local\Android\Sdk\caches\modules-2\files-2.1\net.java.dev.jna\jna\5.6.0\330f2244e9030119ab3030fc3fededc86713d9cc\jna-5.6.0.jar;C:\Users\julio.armijo\AppData\Local\Android\Sdk\caches\modules-2\files-2.1\org.jetbrains.kotlin\kotlin-stdlib-common\1.6.21\5e5b55c26dbc80372a920aef60eb774b714559b8\kotlin-stdlib-common-1.6.21.jar;C:\Users\julio.armijo\AppData\Local\Android\Sdk\caches\modules-2\files-2.1\org.jetbrains\annotations\13.0\919f0dfe192fb4e063e7dacadee7f8bb9a2672a9\annotations-13.0.jar
Launcher Type: SUN_STANDARD

[Global flags]
     intx CICompilerCount                          = 4                                         {product} {ergonomic}
     uint ConcGCThreads                            = 2                                         {product} {ergonomic}
     uint G1ConcRefinementThreads                  = 8                                         {product} {ergonomic}
   size_t G1HeapRegionSize                         = 4194304                                   {product} {ergonomic}
    uintx GCDrainStackTargetSize                   = 64                                        {product} {ergonomic}
   size_t InitialHeapSize                          = 398458880                                 {product} {ergonomic}
   size_t MarkStackSize                            = 4194304                                   {product} {ergonomic}
   size_t MaxHeapSize                              = 6371147776                                {product} {ergonomic}
   size_t MinHeapDeltaBytes                        = 4194304                                   {product} {ergonomic}
   size_t MinHeapSize                              = 8388608                                   {product} {ergonomic}
    uintx NonNMethodCodeHeapSize                   = 5839372                                {pd product} {ergonomic}
    uintx NonProfiledCodeHeapSize                  = 122909434                              {pd product} {ergonomic}
    uintx ProfiledCodeHeapSize                     = 122909434                              {pd product} {ergonomic}
    uintx ReservedCodeCacheSize                    = 251658240                              {pd product} {ergonomic}
     bool SegmentedCodeCache                       = true                                      {product} {ergonomic}
   size_t SoftMaxHeapSize                          = 6371147776                             {manageable} {ergonomic}
     bool UseCompressedClassPointers               = true                                 {lp64_product} {ergonomic}
     bool UseCompressedOops                        = true                                 {lp64_product} {ergonomic}
     bool UseG1GC                                  = true                                      {product} {ergonomic}
     bool UseLargePagesIndividualAllocation        = false                                  {pd product} {ergonomic}

Logging:
Log output configuration:
 #0: stdout all=warning uptime,level,tags
 #1: stderr all=off uptime,level,tags

Environment Variables:
JAVA_HOME=C:\Program Files\Eclipse Adoptium\jdk-17.0.6.10-hotspot\
PATH=C:\Program Files\Common Files\Oracle\Java\javapath;C:\Program Files\Microsoft MPI\Bin\;C:\Program Files\Eclipse Adoptium\jdk-17.0.6.10-hotspot\bin;C:\Python311\Scripts\;C:\Python311\;C:\Windows\system32;C:\Windows;C:\Windows\System32\Wbem;C:\Windows\System32\WindowsPowerShell\v1.0\;C:\Windows\System32\OpenSSH\;C:\Program Files\Intel\WiFi\bin\;C:\Program Files\Common Files\Intel\WirelessCommon\;C:\Users\usuario\AppData\Local\Microsoft\WindowsApps;C:\Program Files (x86)\Git\cmd;C:\Program Files\TortoiseGit\bin;C:\Program Files\TortoiseSVN\bin;C:\ProgramData\chocolatey\bin;C:\java\jdk-13.0.2\bin;C:\Program Files\dotnet\;C:\Program Files\Microsoft SQL Server\150\Tools\Binn\;C:\Users\julio.armijo\AppData\Roaming\nvm;C:\Program Files\nodejs;C:\Program Files (x86)\Microsoft SQL Server\160\DTS\Binn\;C:\Program Files\Azure Data Studio\bin;C:\Program Files (x86)\Microsoft SQL Server\160\Tools\Binn\;C:\Program Files\Microsoft SQL Server\160\Tools\Binn\;C:\Program Files\Microsoft SQL Server\Client SDK\ODBC\170\Tools\Binn\;C:\Program Files\Microsoft SQL Server\160\DTS\Binn\;C:\Users\julio.armijo\.console-ninja\.bin;C:\Program Files\nodejs\node_modules\npm\bin;C:\Program Files\nodejs;C:\ja_xampp\php;C:\Users\julio.armijo\AppData\Local\ComposerSetup\bin;C:\Users\julio.armijo\AppData\Roaming\Composer\vendor\bin;C:\Users\julio.armijo\AppData\Local\Programs\Microsoft VS Code\bin;C:\Users\julio.armijo\.dotnet\tools;C:\Users\julio.armijo\AppData\Roaming\nvm;C:\Program Files\nodejs;C:\Users\julio.armijo\AppData\Local\GitHubDesktop\bin;C:\Program Files\Azure Data Studio\bin
USERNAME=julio.armijo
OS=Windows_NT
PROCESSOR_IDENTIFIER=Intel64 Family 6 Model 140 Stepping 1, GenuineIntel



---------------  S Y S T E M  ---------------

OS:
 Windows 10 , 64 bit Build 19041 (10.0.19041.3155)
OS uptime: 0 days 8:53 hours
HyperV virtualization detected

CPU: total 8 (initial active 8) (4 cores per cpu, 2 threads per core) family 6 model 140 stepping 1, cmov, cx8, fxsr, mmx, sse, sse2, sse3, ssse3, sse4.1, sse4.2, popcnt, vzeroupper, avx, avx2, aes, clmul, erms, 3dnowpref, lzcnt, ht, tsc, tscinvbit, bmi1, bmi2, adx, avx512f, avx512dq, avx512cd, avx512bw, avx512vl, avx512_vpopcntdq, avx512_vpclmulqdq, avx512_vbmi, avx512_vbmi2, avx512_vaes, avx512_vnni, sha, fma, clflush, clflushopt, clwb

Memory: 4k page, system-wide physical 24295M (1352M free)
TotalPageFile size 24295M (AvailPageFile size 289M)
current process WorkingSet (physical memory assigned to process): 15M, peak: 15M
current process commit charge ("private bytes"): 65M, peak: 445M

vm_info: Java HotSpot(TM) 64-Bit Server VM (15+36-1562) for windows-amd64 JRE (15+36-1562), built on Aug 11 2020 22:38:02 by "mach5one" with unknown MS VC++:1925

END.
